# JRE version: Java(TM) SE Runtime Environment (17.0.1+12) (build 17.0.1+12-LTS-39)
# Java VM: Java HotSpot(TM) 64-Bit Server VM (17.0.1+12-LTS-39, mixed mode, emulated-client, sharing, tiered, compressed oops, compressed class ptrs, g1 gc, windows-amd64)
GC Precious Log:
 CPUs: 4 total, 4 available
 Memory: 8107M
 Large Page Support: Disabled
 NUMA Support: Disabled
 Compressed Oops: Enabled (32-bit)
 Heap Region Size: 1M
 Heap Min Capacity: 8M
 Heap Initial Capacity: 128M
 Heap Max Capacity: 2028M
 Pre-touch: Disabled
 Parallel Workers: 4
 Concurrent Workers: 1
 Concurrent Refinement Workers: 4
 Periodic GC: Disabled
Heap:
 garbage-first heap   total 148480K, used 124372K [0x0000000081400000, 0x0000000100000000)
  region size 1024K, 2 young (2048K), 1 survivors (1024K)
 Metaspace       used 37333K, committed 37696K, reserved 1081344K
  class space    used 5255K, committed 5440K, reserved 1048576K
GC Heap History (20 events):
Event: 0.626 GC heap before
{Heap before GC invocations=0 (full 0):
 garbage-first heap   total 131072K, used 12288K [0x0000000081400000, 0x0000000100000000)
  region size 1024K, 13 young (13312K), 0 survivors (0K)
 Metaspace       used 2709K, committed 2816K, reserved 1056768K
  class space    used 328K, committed 384K, reserved 1048576K
}
Event: 0.632 GC heap after
{Heap after GC invocations=1 (full 0):
 garbage-first heap   total 131072K, used 4479K [0x0000000081400000, 0x0000000100000000)
  region size 1024K, 2 young (2048K), 2 survivors (2048K)
 Metaspace       used 2709K, committed 2816K, reserved 1056768K
  class space    used 328K, committed 384K, reserved 1048576K
}
Event: 0.992 GC heap before
{Heap before GC invocations=1 (full 0):
 garbage-first heap   total 131072K, used 14719K [0x0000000081400000, 0x0000000100000000)
  region size 1024K, 12 young (12288K), 2 survivors (2048K)
 Metaspace       used 5095K, committed 5248K, reserved 1056768K
  class space    used 709K, committed 768K, reserved 1048576K
}
Event: 0.997 GC heap after
{Heap after GC invocations=2 (full 0):
 garbage-first heap   total 131072K, used 5562K [0x0000000081400000, 0x0000000100000000)
  region size 1024K, 1 young (1024K), 1 survivors (1024K)
 Metaspace       used 5095K, committed 5248K, reserved 1056768K
  class space    used 709K, committed 768K, reserved 1048576K
}
Event: 1.496 GC heap before
{Heap before GC invocations=2 (full 0):
 garbage-first heap   total 131072K, used 34234K [0x0000000081400000, 0x0000000100000000)
  region size 1024K, 29 young (29696K), 1 survivors (1024K)
 Metaspace       used 12166K, committed 12352K, reserved 1064960K
  class space    used 1632K, committed 1728K, reserved 1048576K
}
Event: 1.500 GC heap after
{Heap after GC invocations=3 (full 0):
 garbage-first heap   total 131072K, used 7001K [0x0000000081400000, 0x0000000100000000)
  region size 1024K, 3 young (3072K), 3 survivors (3072K)
 Metaspace       used 12166K, committed 12352K, reserved 1064960K
  class space    used 1632K, committed 1728K, reserved 1048576K
}
Event: 2.921 GC heap before
{Heap before GC invocations=3 (full 0):
 garbage-first heap   total 131072K, used 56153K [0x0000000081400000, 0x0000000100000000)
  region size 1024K, 53 young (54272K), 3 survivors (3072K)
 Metaspace       used 21256K, committed 21504K, reserved 1073152K
  class space    used 2998K, committed 3136K, reserved 1048576K
}
Event: 2.933 GC heap after
{Heap after GC invocations=4 (full 0):
 garbage-first heap   total 131072K, used 10604K [0x0000000081400000, 0x0000000100000000)
  region size 1024K, 6 young (6144K), 6 survivors (6144K)
 Metaspace       used 21256K, committed 21504K, reserved 1073152K
  class space    used 2998K, committed 3136K, reserved 1048576K
}
Event: 3.736 GC heap before
{Heap before GC invocations=5 (full 0):
 garbage-first heap   total 40960K, used 29036K [0x0000000081400000, 0x0000000100000000)
  region size 1024K, 24 young (24576K), 6 survivors (6144K)
 Metaspace       used 26534K, committed 26752K, reserved 1073152K
  class space    used 3815K, committed 3904K, reserved 1048576K
}
Event: 3.758 GC heap after
{Heap after GC invocations=6 (full 0):
 garbage-first heap   total 40960K, used 13357K [0x0000000081400000, 0x0000000100000000)
  region size 1024K, 3 young (3072K), 3 survivors (3072K)
 Metaspace       used 26534K, committed 26752K, reserved 1073152K
  class space    used 3815K, committed 3904K, reserved 1048576K
}
Event: 4.094 GC heap before
{Heap before GC invocations=6 (full 0):
 garbage-first heap   total 40960K, used 26669K [0x0000000081400000, 0x0000000100000000)
  region size 1024K, 17 young (17408K), 3 survivors (3072K)
 Metaspace       used 28837K, committed 29248K, reserved 1081344K
  class space    used 4161K, committed 4352K, reserved 1048576K
}
Event: 4.104 GC heap after
{Heap after GC invocations=7 (full 0):
 garbage-first heap   total 40960K, used 14378K [0x0000000081400000, 0x0000000100000000)
  region size 1024K, 2 young (2048K), 2 survivors (2048K)
 Metaspace       used 28837K, committed 29248K, reserved 1081344K
  class space    used 4161K, committed 4352K, reserved 1048576K
}
Event: 4.676 GC heap before
{Heap before GC invocations=7 (full 0):
 garbage-first heap   total 40960K, used 27690K [0x0000000081400000, 0x0000000100000000)
  region size 1024K, 16 young (16384K), 2 survivors (2048K)
 Metaspace       used 32153K, committed 32512K, reserved 1081344K
  class space    used 4589K, committed 4736K, reserved 1048576K
}
Event: 4.683 GC heap after
{Heap after GC invocations=8 (full 0):
 garbage-first heap   total 40960K, used 15783K [0x0000000081400000, 0x0000000100000000)
  region size 1024K, 2 young (2048K), 2 survivors (2048K)
 Metaspace       used 32153K, committed 32512K, reserved 1081344K
  class space    used 4589K, committed 4736K, reserved 1048576K
}
Event: 4.880 GC heap before
{Heap before GC invocations=8 (full 0):
 garbage-first heap   total 40960K, used 26023K [0x0000000081400000, 0x0000000100000000)
  region size 1024K, 14 young (14336K), 2 survivors (2048K)
 Metaspace       used 35717K, committed 35968K, reserved 1081344K
  class space    used 5004K, committed 5120K, reserved 1048576K
}
Event: 4.885 GC heap after
{Heap after GC invocations=9 (full 0):
 garbage-first heap   total 49152K, used 17317K [0x0000000081400000, 0x0000000100000000)
  region size 1024K, 2 young (2048K), 2 survivors (2048K)
 Metaspace       used 35717K, committed 35968K, reserved 1081344K
  class space    used 5004K, committed 5120K, reserved 1048576K
}
Event: 5.033 GC heap before
{Heap before GC invocations=10 (full 0):
 garbage-first heap   total 49152K, used 27557K [0x0000000081400000, 0x0000000100000000)
  region size 1024K, 13 young (13312K), 2 survivors (2048K)
 Metaspace       used 37177K, committed 37504K, reserved 1081344K
  class space    used 5227K, committed 5376K, reserved 1048576K
}
Event: 5.037 GC heap after
{Heap after GC invocations=11 (full 0):
 garbage-first heap   total 49152K, used 19459K [0x0000000081400000, 0x0000000100000000)
  region size 1024K, 3 young (3072K), 3 survivors (3072K)
 Metaspace       used 37177K, committed 37504K, reserved 1081344K
  class space    used 5227K, committed 5376K, reserved 1048576K
}
Event: 5.060 GC heap before
{Heap before GC invocations=11 (full 0):
 garbage-first heap   total 62464K, used 54275K [0x0000000081400000, 0x0000000100000000)
  region size 1024K, 4 young (4096K), 3 survivors (3072K)
 Metaspace       used 37177K, committed 37504K, reserved 1081344K
  class space    used 5227K, committed 5376K, reserved 1048576K
}
Event: 5.063 GC heap after
{Heap after GC invocations=12 (full 0):
 garbage-first heap   total 62464K, used 54740K [0x0000000081400000, 0x0000000100000000)
  region size 1024K, 1 young (1024K), 1 survivors (1024K)
 Metaspace       used 37177K, committed 37504K, reserved 1081344K
  class space    used 5227K, committed 5376K, reserved 1048576K
}

